Using pre-set license
Built from '2020.3/staging' branch; Version is '2020.3.33f1 (915a7af8b0d5) revision 9525882'; Using compiler version '192528614'; Build Type 'Release'
OS: 'Windows 10  (10.0.19042) 64bit Professional' Language: 'ru' Physical Memory: 16318 MB
BatchMode: 1, IsHumanControllingUs: 0, StartBugReporterOnCrash: 0, Is64bit: 1, IsPro: 0

COMMAND LINE ARGUMENTS:
C:\Program Files\Unity\Hub\Editor\2020.3.33f1\Editor\Unity.exe
-adb2
-batchMode
-noUpm
-name
AssetImportWorker0
-projectPath
C:/Valheim/ValheimUnityProject-2020.3.33f1
-logFile
Logs/AssetImportWorker0.log
-srvPort
65183
Successfully changed project path to: C:/Valheim/ValheimUnityProject-2020.3.33f1
C:/Valheim/ValheimUnityProject-2020.3.33f1
Using Asset Import Pipeline V2.
Refreshing native plugins compatible for Editor in 135.71 ms, found 9 plugins.
Preloading 0 native plugins for Editor in 0.00 ms.
Initialize engine version: 2020.3.33f1 (915a7af8b0d5)
[Subsystems] Discovering subsystems at path C:/Program Files/Unity/Hub/Editor/2020.3.33f1/Editor/Data/Resources/UnitySubsystems
[Subsystems] Discovering subsystems at path C:/Valheim/ValheimUnityProject-2020.3.33f1/Assets
GfxDevice: creating device client; threaded=0
Direct3D:
    Version:  Direct3D 11.0 [level 11.1]
    Renderer: NVIDIA GeForce GTX 1650 (ID=0x1f82)
    Vendor:   
    VRAM:     3949 MB
    Driver:   31.0.15.2802
Unable to parse file Assets/Shader/Custom_LitParticles.asset: [Parser Failure at line 3164: Expect ':' between key and value within mapping]
Failed to find expected binary shader data in 'Custom/LitParticles'.
Failed to find expected binary shader data in 'Custom/LitParticles'.
Failed to find expected binary shader data in 'Custom/LitParticles'.
Failed to find expected binary shader data in 'Custom/LitParticles'.
Failed to find expected binary shader data in 'Custom/LitParticles'.
Failed to find expected binary shader data in 'Custom/LitParticles'.
Failed to find expected binary shader data in 'Custom/LitParticles'.
Partial constant buffer not found.
Failed to find expected binary shader data in 'Custom/LitParticles'.
Partial constant buffer not found.
Failed to find expected binary shader data in 'Custom/LitParticles'.
Partial constant buffer not found.
Failed to find expected binary shader data in 'Custom/LitParticles'.
Partial constant buffer not found.
Failed to find expected binary shader data in 'Custom/LitParticles'.
Failed to find expected binary shader data in 'Custom/LitParticles'.
Failed to find expected binary shader data in 'Custom/LitParticles'.
Failed to find expected binary shader data in 'Custom/LitParticles'.
Failed to find expected binary shader data in 'Custom/LitParticles'.
Failed to find expected binary shader data in 'Custom/LitParticles'.
Partial constant buffer not found.
Failed to find expected binary shader data in 'Custom/LitParticles'.
Partial constant buffer not found.
Failed to find expected binary shader data in 'Custom/LitParticles'.
Partial constant buffer not found.
Failed to find expected binary shader data in 'Custom/LitParticles'.
Partial constant buffer not found.
Failed to find expected binary shader data in 'Custom/LitParticles'.
Partial constant buffer not found.
Initialize mono
Mono path[0] = 'C:/Program Files/Unity/Hub/Editor/2020.3.33f1/Editor/Data/Managed'
Mono path[1] = 'C:/Program Files/Unity/Hub/Editor/2020.3.33f1/Editor/Data/MonoBleedingEdge/lib/mono/unityjit'
Mono config path = 'C:/Program Files/Unity/Hub/Editor/2020.3.33f1/Editor/Data/MonoBleedingEdge/etc'
Using monoOptions --debugger-agent=transport=dt_socket,embedding=1,server=y,suspend=n,address=127.0.0.1:56444
Begin MonoManager ReloadAssembly
Registering precompiled unity dll's ...
Register platform support module: C:/Program Files/Unity/Hub/Editor/2020.3.33f1/Editor/Data/PlaybackEngines/WindowsStandaloneSupport/UnityEditor.WindowsStandalone.Extensions.dll
Registered in 0.001286 seconds.
Native extension for WindowsStandalone target not found
Refreshing native plugins compatible for Editor in 134.44 ms, found 9 plugins.
Preloading 0 native plugins for Editor in 0.00 ms.
Mono: successfully reloaded assembly
- Completed reload, in  0.546 seconds
Domain Reload Profiling:
	ReloadAssembly (546ms)
		BeginReloadAssembly (45ms)
			ExecutionOrderSort (0ms)
			DisableScriptedObjects (0ms)
			BackupInstance (0ms)
			ReleaseScriptingObjects (0ms)
			CreateAndSetChildDomain (1ms)
		EndReloadAssembly (447ms)
			LoadAssemblies (44ms)
			RebuildTransferFunctionScriptingTraits (0ms)
			SetupTypeCache (115ms)
			ReleaseScriptCaches (0ms)
			RebuildScriptCaches (23ms)
			SetupLoadedEditorAssemblies (233ms)
				LogAssemblyErrors (0ms)
				InitializePlatformSupportModulesInManaged (4ms)
				SetLoadedEditorAssemblies (0ms)
				RefreshPlugins (135ms)
				BeforeProcessingInitializeOnLoad (10ms)
				ProcessInitializeOnLoadAttributes (64ms)
				ProcessInitializeOnLoadMethodAttributes (21ms)
				AfterProcessingInitializeOnLoad (0ms)
				EditorAssembliesLoaded (0ms)
			ExecutionOrderSort2 (0ms)
			AwakeInstancesAfterBackupRestoration (0ms)
Platform modules already initialized, skipping
Registering precompiled user dll's ...
Registered in 0.006946 seconds.
Begin MonoManager ReloadAssembly
Native extension for WindowsStandalone target not found
Refreshing native plugins compatible for Editor in 1.77 ms, found 9 plugins.
Preloading 0 native plugins for Editor in 0.00 ms.
Opening scene 
UnityEngine.StackTraceUtility:ExtractStackTrace ()
UnityEngine.DebugLogHandler:LogFormat (UnityEngine.LogType,UnityEngine.Object,string,object[])
UnityEngine.Logger:Log (UnityEngine.LogType,object)
UnityEngine.Debug:Log (object)
Editor:OnSceneLoad (string) (at Assets/Editor/ValheimExportHelper/WorldGeneratorFix.cs:13)
Editor:.cctor () (at Assets/Editor/ValheimExportHelper/WorldGeneratorFix.cs:34)
System.Runtime.CompilerServices.RuntimeHelpers:RunClassConstructor (System.RuntimeTypeHandle)
UnityEditor.EditorAssemblies:ProcessInitializeOnLoadAttributes (System.Type[])

(Filename: Assets/Editor/ValheimExportHelper/WorldGeneratorFix.cs Line: 13)

03/31/2023 16:31:57: Worldgenerator version setup:2
UnityEngine.StackTraceUtility:ExtractStackTrace ()
UnityEngine.DebugLogHandler:LogFormat (UnityEngine.LogType,UnityEngine.Object,string,object[])
UnityEngine.Logger:Log (UnityEngine.LogType,object)
UnityEngine.Debug:Log (object)
ZLog:Log (object)
WorldGenerator:VersionSetup (int)
WorldGenerator:.ctor (World)
WorldGenerator:Initialize (World)
Editor:OnSceneLoad (string) (at Assets/Editor/ValheimExportHelper/WorldGeneratorFix.cs:21)
Editor:.cctor () (at Assets/Editor/ValheimExportHelper/WorldGeneratorFix.cs:34)
System.Runtime.CompilerServices.RuntimeHelpers:RunClassConstructor (System.RuntimeTypeHandle)
UnityEditor.EditorAssemblies:ProcessInitializeOnLoadAttributes (System.Type[])

(Filename: Assets/Editor/ValheimExportHelper/WorldGeneratorFix.cs Line: 21)

Mono: successfully reloaded assembly
- Completed reload, in  0.689 seconds
Domain Reload Profiling:
	ReloadAssembly (689ms)
		BeginReloadAssembly (114ms)
			ExecutionOrderSort (0ms)
			DisableScriptedObjects (3ms)
			BackupInstance (0ms)
			ReleaseScriptingObjects (0ms)
			CreateAndSetChildDomain (15ms)
		EndReloadAssembly (529ms)
			LoadAssemblies (68ms)
			RebuildTransferFunctionScriptingTraits (0ms)
			SetupTypeCache (174ms)
			ReleaseScriptCaches (0ms)
			RebuildScriptCaches (36ms)
			SetupLoadedEditorAssemblies (182ms)
				LogAssemblyErrors (0ms)
				InitializePlatformSupportModulesInManaged (3ms)
				SetLoadedEditorAssemblies (0ms)
				RefreshPlugins (2ms)
				BeforeProcessingInitializeOnLoad (51ms)
				ProcessInitializeOnLoadAttributes (117ms)
				ProcessInitializeOnLoadMethodAttributes (3ms)
				AfterProcessingInitializeOnLoad (4ms)
				EditorAssembliesLoaded (0ms)
			ExecutionOrderSort2 (0ms)
			AwakeInstancesAfterBackupRestoration (5ms)
Platform modules already initialized, skipping
========================================================================
Worker process is ready to serve import requests
Failed to find expected binary shader data in 'Custom/LitParticles'.
Failed to find expected binary shader data in 'Custom/LitParticles'.
Failed to find expected binary shader data in 'Custom/LitParticles'.
Failed to find expected binary shader data in 'Custom/LitParticles'.
Failed to find expected binary shader data in 'Custom/LitParticles'.
Failed to find expected binary shader data in 'Custom/LitParticles'.
Failed to find expected binary shader data in 'Custom/LitParticles'.
Partial constant buffer not found.
Failed to find expected binary shader data in 'Custom/LitParticles'.
Partial constant buffer not found.
Failed to find expected binary shader data in 'Custom/LitParticles'.
Partial constant buffer not found.
Failed to find expected binary shader data in 'Custom/LitParticles'.
Partial constant buffer not found.
Failed to find expected binary shader data in 'Custom/LitParticles'.
Failed to find expected binary shader data in 'Custom/LitParticles'.
Failed to find expected binary shader data in 'Custom/LitParticles'.
Failed to find expected binary shader data in 'Custom/LitParticles'.
Failed to find expected binary shader data in 'Custom/LitParticles'.
Failed to find expected binary shader data in 'Custom/LitParticles'.
Partial constant buffer not found.
Failed to find expected binary shader data in 'Custom/LitParticles'.
Partial constant buffer not found.
Failed to find expected binary shader data in 'Custom/LitParticles'.
Partial constant buffer not found.
Failed to find expected binary shader data in 'Custom/LitParticles'.
Partial constant buffer not found.
Failed to find expected binary shader data in 'Custom/LitParticles'.
Partial constant buffer not found.
Launched and connected shader compiler UnityShaderCompiler.exe after 0.03 seconds
Refreshing native plugins compatible for Editor in 1.78 ms, found 9 plugins.
Preloading 0 native plugins for Editor in 0.00 ms.
Unloading 874 Unused Serialized files (Serialized files now loaded: 0)
System memory in use before: 171.0 MB.
System memory in use after: 171.0 MB.

Unloading 30 unused Assets to reduce memory usage. Loaded Objects now: 1705.
Total: 1.802000 ms (FindLiveObjects: 0.093600 ms CreateObjectMapping: 0.027500 ms MarkObjects: 1.662700 ms  DeleteObjects: 0.017600 ms)

AssetImportParameters requested are different than current active one (requested -> active):
  custom:framework-win-MediaFoundation: 216162199b28c13a410421893ffa2e32 -> 
  custom:video-decoder-ogg-theora: a1e56fd34408186e4bbccfd4996cb3dc -> 
  custom:container-muxer-webm: aa71ff27fc2769a1b78a27578f13a17b -> 
  custom:container-demuxer-webm: 4f35f7cbe854078d1ac9338744f61a02 -> 
  custom:container-demuxer-ogg: 62fdf1f143b41e24485cea50d1cbac27 -> 
  custom:video-encoder-webm-vp8: eb34c28f22e8b96e1ab97ce403110664 -> 
  custom:video-decoder-webm-vp8: 9c59270c3fd7afecdb556c50c9e8de78 -> 
  custom:audio-decoder-ogg-vorbis: bf7c407c2cedff20999df2af8eb42d56 -> 
  custom:audio-encoder-webm-vorbis: bf7c407c2cedff20999df2af8eb42d56 -> 
========================================================================
Received Import Request.
  path: Assets/RagnarokCustoms/Jazy/SmugglerCamp/prefab/SmugglerCamp1.prefab
  artifactKey: Guid(e53bb6a4d751f6541ada0d6c3540fb94) Importer(815301076,1909f56bfc062723c751e8b465ee728b)
Start importing Assets/RagnarokCustoms/Jazy/SmugglerCamp/prefab/SmugglerCamp1.prefab using Guid(e53bb6a4d751f6541ada0d6c3540fb94) Importer(815301076,1909f56bfc062723c751e8b465ee728b)  -> (artifact id: '2828035fda28619392bb453b5a85a685') in 4.456743 seconds 
========================================================================
Received Import Request.
  Time since last request: 150.979354 seconds.
  path: Assets/RagnarokCustoms/Jazy/DangerousExplore/Island/Island.prefab
  artifactKey: Guid(2bc806a298baa5545b713898f64db0c5) Importer(815301076,1909f56bfc062723c751e8b465ee728b)
Start importing Assets/RagnarokCustoms/Jazy/DangerousExplore/Island/Island.prefab using Guid(2bc806a298baa5545b713898f64db0c5) Importer(815301076,1909f56bfc062723c751e8b465ee728b)  -> (artifact id: '3cd45b162c849901018aecf0b3170daf') in 3.935049 seconds 
========================================================================
Received Import Request.
  Time since last request: 0.000246 seconds.
  path: Assets/RagnarokCustoms/Jazy/DangerousExplore/Island/Rock4.asset
  artifactKey: Guid(3d65e2987126f2b4c93af21f41775300) Importer(815301076,1909f56bfc062723c751e8b465ee728b)
Start importing Assets/RagnarokCustoms/Jazy/DangerousExplore/Island/Rock4.asset using Guid(3d65e2987126f2b4c93af21f41775300) Importer(815301076,1909f56bfc062723c751e8b465ee728b)  -> (artifact id: 'cb84f0837c056a1e906f393070a5254c') in 0.028605 seconds 
AssetImportWorkerClient::OnTransportError - code=2 error=End of file
