Using pre-set license
Built from '2020.3/staging' branch; Version is '2020.3.33f1 (915a7af8b0d5) revision 9525882'; Using compiler version '192528614'; Build Type 'Release'
OS: 'Windows 10  (10.0.19042) 64bit Professional' Language: 'ru' Physical Memory: 16318 MB
BatchMode: 1, IsHumanControllingUs: 0, StartBugReporterOnCrash: 0, Is64bit: 1, IsPro: 0

COMMAND LINE ARGUMENTS:
C:\Program Files\Unity\Hub\Editor\2020.3.33f1\Editor\Unity.exe
-adb2
-batchMode
-noUpm
-name
AssetImportWorker0
-projectPath
C:/Valheim/Git/HiIamHere/ValheimUnityProject-2020.3.33f1
-logFile
Logs/AssetImportWorker0.log
-srvPort
53888
Successfully changed project path to: C:/Valheim/Git/HiIamHere/ValheimUnityProject-2020.3.33f1
C:/Valheim/Git/HiIamHere/ValheimUnityProject-2020.3.33f1
Using Asset Import Pipeline V2.
Refreshing native plugins compatible for Editor in 238.26 ms, found 9 plugins.
Preloading 0 native plugins for Editor in 0.00 ms.
Initialize engine version: 2020.3.33f1 (915a7af8b0d5)
[Subsystems] Discovering subsystems at path C:/Program Files/Unity/Hub/Editor/2020.3.33f1/Editor/Data/Resources/UnitySubsystems
[Subsystems] Discovering subsystems at path C:/Valheim/Git/HiIamHere/ValheimUnityProject-2020.3.33f1/Assets
GfxDevice: creating device client; threaded=0
Direct3D:
    Version:  Direct3D 11.0 [level 11.1]
    Renderer: NVIDIA GeForce GTX 1650 (ID=0x1f82)
    Vendor:   
    VRAM:     3949 MB
    Driver:   31.0.15.3141
Unable to parse file Assets/Shader/Custom_LitParticles.asset: [Parser Failure at line 3164: Expect ':' between key and value within mapping]
Failed to find expected binary shader data in 'Custom/LitParticles'.
Failed to find expected binary shader data in 'Custom/LitParticles'.
Failed to find expected binary shader data in 'Custom/LitParticles'.
Failed to find expected binary shader data in 'Custom/LitParticles'.
Failed to find expected binary shader data in 'Custom/LitParticles'.
Failed to find expected binary shader data in 'Custom/LitParticles'.
Failed to find expected binary shader data in 'Custom/LitParticles'.
Partial constant buffer not found.
Failed to find expected binary shader data in 'Custom/LitParticles'.
Partial constant buffer not found.
Failed to find expected binary shader data in 'Custom/LitParticles'.
Partial constant buffer not found.
Failed to find expected binary shader data in 'Custom/LitParticles'.
Partial constant buffer not found.
Failed to find expected binary shader data in 'Custom/LitParticles'.
Failed to find expected binary shader data in 'Custom/LitParticles'.
Failed to find expected binary shader data in 'Custom/LitParticles'.
Failed to find expected binary shader data in 'Custom/LitParticles'.
Failed to find expected binary shader data in 'Custom/LitParticles'.
Failed to find expected binary shader data in 'Custom/LitParticles'.
Partial constant buffer not found.
Failed to find expected binary shader data in 'Custom/LitParticles'.
Partial constant buffer not found.
Failed to find expected binary shader data in 'Custom/LitParticles'.
Partial constant buffer not found.
Failed to find expected binary shader data in 'Custom/LitParticles'.
Partial constant buffer not found.
Failed to find expected binary shader data in 'Custom/LitParticles'.
Partial constant buffer not found.
Initialize mono
Mono path[0] = 'C:/Program Files/Unity/Hub/Editor/2020.3.33f1/Editor/Data/Managed'
Mono path[1] = 'C:/Program Files/Unity/Hub/Editor/2020.3.33f1/Editor/Data/MonoBleedingEdge/lib/mono/unityjit'
Mono config path = 'C:/Program Files/Unity/Hub/Editor/2020.3.33f1/Editor/Data/MonoBleedingEdge/etc'
Using monoOptions --debugger-agent=transport=dt_socket,embedding=1,server=y,suspend=n,address=127.0.0.1:56504
Begin MonoManager ReloadAssembly
Registering precompiled unity dll's ...
Register platform support module: C:/Program Files/Unity/Hub/Editor/2020.3.33f1/Editor/Data/PlaybackEngines/WindowsStandaloneSupport/UnityEditor.WindowsStandalone.Extensions.dll
Registered in 0.001623 seconds.
Native extension for WindowsStandalone target not found
Refreshing native plugins compatible for Editor in 196.93 ms, found 9 plugins.
Preloading 0 native plugins for Editor in 0.00 ms.
Mono: successfully reloaded assembly
- Completed reload, in  0.769 seconds
Domain Reload Profiling:
	ReloadAssembly (769ms)
		BeginReloadAssembly (63ms)
			ExecutionOrderSort (0ms)
			DisableScriptedObjects (0ms)
			BackupInstance (0ms)
			ReleaseScriptingObjects (0ms)
			CreateAndSetChildDomain (1ms)
		EndReloadAssembly (628ms)
			LoadAssemblies (61ms)
			RebuildTransferFunctionScriptingTraits (0ms)
			SetupTypeCache (166ms)
			ReleaseScriptCaches (0ms)
			RebuildScriptCaches (31ms)
			SetupLoadedEditorAssemblies (331ms)
				LogAssemblyErrors (0ms)
				InitializePlatformSupportModulesInManaged (5ms)
				SetLoadedEditorAssemblies (0ms)
				RefreshPlugins (197ms)
				BeforeProcessingInitializeOnLoad (12ms)
				ProcessInitializeOnLoadAttributes (86ms)
				ProcessInitializeOnLoadMethodAttributes (29ms)
				AfterProcessingInitializeOnLoad (0ms)
				EditorAssembliesLoaded (0ms)
			ExecutionOrderSort2 (0ms)
			AwakeInstancesAfterBackupRestoration (0ms)
Platform modules already initialized, skipping
Registering precompiled user dll's ...
Registered in 0.009163 seconds.
Begin MonoManager ReloadAssembly
Native extension for WindowsStandalone target not found
Refreshing native plugins compatible for Editor in 2.67 ms, found 9 plugins.
Preloading 0 native plugins for Editor in 0.00 ms.
Opening scene 
UnityEngine.StackTraceUtility:ExtractStackTrace ()
UnityEngine.DebugLogHandler:LogFormat (UnityEngine.LogType,UnityEngine.Object,string,object[])
UnityEngine.Logger:Log (UnityEngine.LogType,object)
UnityEngine.Debug:Log (object)
Editor:OnSceneLoad (string) (at Assets/Editor/ValheimExportHelper/WorldGeneratorFix.cs:13)
Editor:.cctor () (at Assets/Editor/ValheimExportHelper/WorldGeneratorFix.cs:34)
System.Runtime.CompilerServices.RuntimeHelpers:RunClassConstructor (System.RuntimeTypeHandle)
UnityEditor.EditorAssemblies:ProcessInitializeOnLoadAttributes (System.Type[])

(Filename: Assets/Editor/ValheimExportHelper/WorldGeneratorFix.cs Line: 13)

04/01/2023 14:49:10: Worldgenerator version setup:2
UnityEngine.StackTraceUtility:ExtractStackTrace ()
UnityEngine.DebugLogHandler:LogFormat (UnityEngine.LogType,UnityEngine.Object,string,object[])
UnityEngine.Logger:Log (UnityEngine.LogType,object)
UnityEngine.Debug:Log (object)
ZLog:Log (object)
WorldGenerator:VersionSetup (int)
WorldGenerator:.ctor (World)
WorldGenerator:Initialize (World)
Editor:OnSceneLoad (string) (at Assets/Editor/ValheimExportHelper/WorldGeneratorFix.cs:21)
Editor:.cctor () (at Assets/Editor/ValheimExportHelper/WorldGeneratorFix.cs:34)
System.Runtime.CompilerServices.RuntimeHelpers:RunClassConstructor (System.RuntimeTypeHandle)
UnityEditor.EditorAssemblies:ProcessInitializeOnLoadAttributes (System.Type[])

(Filename: Assets/Editor/ValheimExportHelper/WorldGeneratorFix.cs Line: 21)

Mono: successfully reloaded assembly
- Completed reload, in  0.948 seconds
Domain Reload Profiling:
	ReloadAssembly (949ms)
		BeginReloadAssembly (156ms)
			ExecutionOrderSort (0ms)
			DisableScriptedObjects (4ms)
			BackupInstance (0ms)
			ReleaseScriptingObjects (0ms)
			CreateAndSetChildDomain (23ms)
		EndReloadAssembly (729ms)
			LoadAssemblies (101ms)
			RebuildTransferFunctionScriptingTraits (0ms)
			SetupTypeCache (246ms)
			ReleaseScriptCaches (0ms)
			RebuildScriptCaches (49ms)
			SetupLoadedEditorAssemblies (247ms)
				LogAssemblyErrors (0ms)
				InitializePlatformSupportModulesInManaged (5ms)
				SetLoadedEditorAssemblies (0ms)
				RefreshPlugins (3ms)
				BeforeProcessingInitializeOnLoad (68ms)
				ProcessInitializeOnLoadAttributes (161ms)
				ProcessInitializeOnLoadMethodAttributes (4ms)
				AfterProcessingInitializeOnLoad (6ms)
				EditorAssembliesLoaded (0ms)
			ExecutionOrderSort2 (0ms)
			AwakeInstancesAfterBackupRestoration (7ms)
Platform modules already initialized, skipping
========================================================================
Worker process is ready to serve import requests
Failed to find expected binary shader data in 'Custom/LitParticles'.
Failed to find expected binary shader data in 'Custom/LitParticles'.
Failed to find expected binary shader data in 'Custom/LitParticles'.
Failed to find expected binary shader data in 'Custom/LitParticles'.
Failed to find expected binary shader data in 'Custom/LitParticles'.
Failed to find expected binary shader data in 'Custom/LitParticles'.
Failed to find expected binary shader data in 'Custom/LitParticles'.
Partial constant buffer not found.
Failed to find expected binary shader data in 'Custom/LitParticles'.
Partial constant buffer not found.
Failed to find expected binary shader data in 'Custom/LitParticles'.
Partial constant buffer not found.
Failed to find expected binary shader data in 'Custom/LitParticles'.
Partial constant buffer not found.
Failed to find expected binary shader data in 'Custom/LitParticles'.
Failed to find expected binary shader data in 'Custom/LitParticles'.
Failed to find expected binary shader data in 'Custom/LitParticles'.
Failed to find expected binary shader data in 'Custom/LitParticles'.
Failed to find expected binary shader data in 'Custom/LitParticles'.
Failed to find expected binary shader data in 'Custom/LitParticles'.
Partial constant buffer not found.
Failed to find expected binary shader data in 'Custom/LitParticles'.
Partial constant buffer not found.
Failed to find expected binary shader data in 'Custom/LitParticles'.
Partial constant buffer not found.
Failed to find expected binary shader data in 'Custom/LitParticles'.
Partial constant buffer not found.
Failed to find expected binary shader data in 'Custom/LitParticles'.
Partial constant buffer not found.
Launched and connected shader compiler UnityShaderCompiler.exe after 0.03 seconds
Refreshing native plugins compatible for Editor in 3.28 ms, found 9 plugins.
Preloading 0 native plugins for Editor in 0.00 ms.
Unloading 885 Unused Serialized files (Serialized files now loaded: 0)
System memory in use before: 177.4 MB.
System memory in use after: 177.5 MB.

Unloading 30 unused Assets to reduce memory usage. Loaded Objects now: 1716.
Total: 3.705700 ms (FindLiveObjects: 0.167500 ms CreateObjectMapping: 0.058700 ms MarkObjects: 3.448200 ms  DeleteObjects: 0.030000 ms)

AssetImportParameters requested are different than current active one (requested -> active):
  custom:framework-win-MediaFoundation: 216162199b28c13a410421893ffa2e32 -> 
  custom:video-decoder-ogg-theora: a1e56fd34408186e4bbccfd4996cb3dc -> 
  custom:container-muxer-webm: aa71ff27fc2769a1b78a27578f13a17b -> 
  custom:container-demuxer-webm: 4f35f7cbe854078d1ac9338744f61a02 -> 
  custom:container-demuxer-ogg: 62fdf1f143b41e24485cea50d1cbac27 -> 
  custom:video-encoder-webm-vp8: eb34c28f22e8b96e1ab97ce403110664 -> 
  custom:video-decoder-webm-vp8: 9c59270c3fd7afecdb556c50c9e8de78 -> 
  custom:audio-decoder-ogg-vorbis: bf7c407c2cedff20999df2af8eb42d56 -> 
  custom:audio-encoder-webm-vorbis: bf7c407c2cedff20999df2af8eb42d56 -> 
========================================================================
Received Import Request.
  path: Assets/spawnstart.fbx
  artifactKey: Guid(3ff179b6e54490642b47434ea6dc147d) Importer(815301076,1909f56bfc062723c751e8b465ee728b)
Start importing Assets/spawnstart.fbx using Guid(3ff179b6e54490642b47434ea6dc147d) Importer(815301076,1909f56bfc062723c751e8b465ee728b)  -> (artifact id: '360df02aac1c9e950b6fe3d7b5963a40') in 0.277321 seconds 
========================================================================
Received Import Request.
  Time since last request: 0.000137 seconds.
  path: Assets/Pine_tree.fbx
  artifactKey: Guid(35ca8ab437d996845ac690d1bafa4299) Importer(815301076,1909f56bfc062723c751e8b465ee728b)
Start importing Assets/Pine_tree.fbx using Guid(35ca8ab437d996845ac690d1bafa4299) Importer(815301076,1909f56bfc062723c751e8b465ee728b)  -> (artifact id: 'c45ecb864983320b9b9306725a09264f') in 0.027286 seconds 
========================================================================
Received Import Request.
  Time since last request: 0.000406 seconds.
  path: Assets/default.prefab
  artifactKey: Guid(f9b985571ff75b844afb1bae315094b5) Importer(815301076,1909f56bfc062723c751e8b465ee728b)
Start importing Assets/default.prefab using Guid(f9b985571ff75b844afb1bae315094b5) Importer(815301076,1909f56bfc062723c751e8b465ee728b)  -> (artifact id: '8d731bf7e546c1db1914d5b4b20bf8c8') in 0.026988 seconds 
========================================================================
Received Import Request.
  Time since last request: 0.000220 seconds.
  path: Assets/wishbone.fbx
  artifactKey: Guid(8f7a51bdf22951440b7e35f7ca13f2f8) Importer(815301076,1909f56bfc062723c751e8b465ee728b)
Start importing Assets/wishbone.fbx using Guid(8f7a51bdf22951440b7e35f7ca13f2f8) Importer(815301076,1909f56bfc062723c751e8b465ee728b)  -> (artifact id: '17bc0ca99ae6e86523e36101617660e9') in 0.026190 seconds 
========================================================================
Received Import Request.
  Time since last request: 0.000141 seconds.
  path: Assets/default.fbx
  artifactKey: Guid(76081b721d968dc439a300063761a3bf) Importer(815301076,1909f56bfc062723c751e8b465ee728b)
Start importing Assets/default.fbx using Guid(76081b721d968dc439a300063761a3bf) Importer(815301076,1909f56bfc062723c751e8b465ee728b)  -> (artifact id: '8b9fad36195063ef78c847081be0858e') in 0.025328 seconds 
========================================================================
Received Import Request.
  Time since last request: 0.000150 seconds.
  path: Assets/New Terrain2.asset
  artifactKey: Guid(0cae3e6e1bdc4104a8e2882cf56a7717) Importer(815301076,1909f56bfc062723c751e8b465ee728b)
Start importing Assets/New Terrain2.asset using Guid(0cae3e6e1bdc4104a8e2882cf56a7717) Importer(815301076,1909f56bfc062723c751e8b465ee728b)  -> (artifact id: '04046f559db9eb797d5ebacca1caadc8') in 0.012898 seconds 
AssetImportWorkerClient::OnTransportError - code=2 error=End of file
